09:56:14 **** Build of configuration Release for project Arduino_Uno ****
make all 
Cannot run program "make" (in directory "C:\Users\Ulrik1\workspace\Arduino_Uno\Release"): CreateProcess error=2, The system cannot find the file specified
09:56:14 **** Build of configuration Release for project ArduinoRobot ****
make all 
Cannot run program "make" (in directory "C:\Users\Ulrik1\workspace\ArduinoRobot\Release"): CreateProcess error=2, The system cannot find the file specified
10:28:48 **** Incremental Build of configuration Release for project Arduino_Uno ****
make all 
Cannot run program "make" (in directory "C:\Users\Ulrik1\workspace\Arduino_Uno\Release"): CreateProcess error=2, The system cannot find the file specified
10:28:48 **** Incremental Build of configuration Release for project ArduinoRobot ****
make all 
Cannot run program "make" (in directory "C:\Users\Ulrik1\workspace\ArduinoRobot\Release"): CreateProcess error=2, The system cannot find the file specified
10:49:51 **** Build of configuration Release for project Arduino_Uno ****
make all 
Building file: D:/Program Files (x86)/Arduino/hardware/arduino/cores/arduino/avr-libc/malloc.c
Invoking: AVR Compiler
make: Interrupt/Exception caught (code = 0xc00000fd, addr = 0x4217b3)
10:49:52 **** Build of configuration Release for project ArduinoRobot ****
make all 
Building file: ../ArduinoRobot.cpp
Invoking: AVR C++ Compiler
make: Interrupt/Exception caught (code = 0xc00000fd, addr = 0x4217b3)
10:58:26 **** Incremental Build of configuration Release for project Arduino_Uno ****
make all 
Building file: D:/Program Files (x86)/Arduino/hardware/arduino/cores/arduino/avr-libc/malloc.c
Invoking: AVR Compiler
make: Interrupt/Exception caught (code = 0xc00000fd, addr = 0x4217b3)
10:58:26 **** Incremental Build of configuration Release for project ArduinoRobot ****
make all 
Building file: ../ArduinoRobot.cpp
Invoking: AVR C++ Compiler
make: Interrupt/Exception caught (code = 0xc00000fd, addr = 0x4217b3)
11:05:37 **** Incremental Build of configuration Release for project Arduino_Uno ****
make all 
Building file: D:/Arduino/hardware/arduino/cores/arduino/avr-libc/malloc.c
Invoking: AVR Compiler
avr-gcc -I"D:\Arduino\hardware\arduino\cores\arduino" -I"D:\Arduino\hardware\arduino\variants\standard" -DUSB_VID= -DUSB_PID= -DARDUINO=106 -Wall -Os -fpack-struct -fshort-enums -std=gnu99 -funsigned-char -funsigned-bitfields -g  -ffunction-sections  -fdata-sections -mmcu=atmega328p -DF_CPU=16000000UL -MMD -MP -MF"arduino/avr-libc/malloc.d" -MT"arduino/avr-libc/malloc.d"  -c -o "arduino/avr-libc/malloc.o" "D:/Arduino/hardware/arduino/cores/arduino/avr-libc/malloc.c"
Finished building: D:/Arduino/hardware/arduino/cores/arduino/avr-libc/malloc.c
 
Building file: D:/Arduino/hardware/arduino/cores/arduino/avr-libc/realloc.c
Invoking: AVR Compiler
avr-gcc -I"D:\Arduino\hardware\arduino\cores\arduino" -I"D:\Arduino\hardware\arduino\variants\standard" -DUSB_VID= -DUSB_PID= -DARDUINO=106 -Wall -Os -fpack-struct -fshort-enums -std=gnu99 -funsigned-char -funsigned-bitfields -g  -ffunction-sections  -fdata-sections -mmcu=atmega328p -DF_CPU=16000000UL -MMD -MP -MF"arduino/avr-libc/realloc.d" -MT"arduino/avr-libc/realloc.d"  -c -o "arduino/avr-libc/realloc.o" "D:/Arduino/hardware/arduino/cores/arduino/avr-libc/realloc.c"
Finished building: D:/Arduino/hardware/arduino/cores/arduino/avr-libc/realloc.c
 
Building file: D:/Arduino/hardware/arduino/cores/arduino/CDC.cpp
Invoking: AVR C++ Compiler
avr-g++ -I"D:\Arduino\hardware\arduino\cores\arduino" -I"D:\Arduino\hardware\arduino\variants\standard" -DUSB_PID= -DUSB_VID= -DARDUINO=106 -Wall -Os -fno-exceptions -g  -ffunction-sections  -fdata-sections -mmcu=atmega328p -DF_CPU=16000000UL -MMD -MP -MF"arduino/CDC.d" -MT"arduino/CDC.d"  -c -o "arduino/CDC.o" "D:/Arduino/hardware/arduino/cores/arduino/CDC.cpp"
Finished building: D:/Arduino/hardware/arduino/cores/arduino/CDC.cpp
 
Building file: D:/Arduino/hardware/arduino/cores/arduino/HID.cpp
Invoking: AVR C++ Compiler
avr-g++ -I"D:\Arduino\hardware\arduino\cores\arduino" -I"D:\Arduino\hardware\arduino\variants\standard" -DUSB_PID= -DUSB_VID= -DARDUINO=106 -Wall -Os -fno-exceptions -g  -ffunction-sections  -fdata-sections -mmcu=atmega328p -DF_CPU=16000000UL -MMD -MP -MF"arduino/HID.d" -MT"arduino/HID.d"  -c -o "arduino/HID.o" "D:/Arduino/hardware/arduino/cores/arduino/HID.cpp"
Finished building: D:/Arduino/hardware/arduino/cores/arduino/HID.cpp
 
Building file: D:/Arduino/hardware/arduino/cores/arduino/HardwareSerial.cpp
Invoking: AVR C++ Compiler
avr-g++ -I"D:\Arduino\hardware\arduino\cores\arduino" -I"D:\Arduino\hardware\arduino\variants\standard" -DUSB_PID= -DUSB_VID= -DARDUINO=106 -Wall -Os -fno-exceptions -g  -ffunction-sections  -fdata-sections -mmcu=atmega328p -DF_CPU=16000000UL -MMD -MP -MF"arduino/HardwareSerial.d" -MT"arduino/HardwareSerial.d"  -c -o "arduino/HardwareSerial.o" "D:/Arduino/hardware/arduino/cores/arduino/HardwareSerial.cpp"
D:/Arduino/hardware/arduino/cores/arduino/HardwareSerial.cpp: In function 'void store_char(unsigned char, ring_buffer*)':
D:/Arduino/hardware/arduino/cores/arduino/HardwareSerial.cpp:98: warning: comparison between signed and unsigned integer expressions
D:/Arduino/hardware/arduino/cores/arduino/HardwareSerial.cpp: In function 'void __vector_18()':
D:/Arduino/hardware/arduino/cores/arduino/HardwareSerial.cpp:127: warning: unused variable 'c'
D:/Arduino/hardware/arduino/cores/arduino/HardwareSerial.cpp: In member function 'void HardwareSerial::begin(long unsigned int, byte)':
D:/Arduino/hardware/arduino/cores/arduino/HardwareSerial.cpp:368: warning: unused variable 'current_config'
D:/Arduino/hardware/arduino/cores/arduino/HardwareSerial.cpp: In member function 'virtual size_t HardwareSerial::write(uint8_t)':
D:/Arduino/hardware/arduino/cores/arduino/HardwareSerial.cpp:467: warning: comparison between signed and unsigned integer expressions
Finished building: D:/Arduino/hardware/arduino/cores/arduino/HardwareSerial.cpp
 
Building file: D:/Arduino/hardware/arduino/cores/arduino/IPAddress.cpp
Invoking: AVR C++ Compiler
avr-g++ -I"D:\Arduino\hardware\arduino\cores\arduino" -I"D:\Arduino\hardware\arduino\variants\standard" -DUSB_PID= -DUSB_VID= -DARDUINO=106 -Wall -Os -fno-exceptions -g  -ffunction-sections  -fdata-sections -mmcu=atmega328p -DF_CPU=16000000UL -MMD -MP -MF"arduino/IPAddress.d" -MT"arduino/IPAddress.d"  -c -o "arduino/IPAddress.o" "D:/Arduino/hardware/arduino/cores/arduino/IPAddress.cpp"
Finished building: D:/Arduino/hardware/arduino/cores/arduino/IPAddress.cpp
 
Building file: D:/Arduino/hardware/arduino/cores/arduino/Print.cpp
Invoking: AVR C++ Compiler
avr-g++ -I"D:\Arduino\hardware\arduino\cores\arduino" -I"D:\Arduino\hardware\arduino\variants\standard" -DUSB_PID= -DUSB_VID= -DARDUINO=106 -Wall -Os -fno-exceptions -g  -ffunction-sections  -fdata-sections -mmcu=atmega328p -DF_CPU=16000000UL -MMD -MP -MF"arduino/Print.d" -MT"arduino/Print.d"  -c -o "arduino/Print.o" "D:/Arduino/hardware/arduino/cores/arduino/Print.cpp"
Finished building: D:/Arduino/hardware/arduino/cores/arduino/Print.cpp
 
Building file: D:/Arduino/hardware/arduino/cores/arduino/Stream.cpp
Invoking: AVR C++ Compiler
avr-g++ -I"D:\Arduino\hardware\arduino\cores\arduino" -I"D:\Arduino\hardware\arduino\variants\standard" -DUSB_PID= -DUSB_VID= -DARDUINO=106 -Wall -Os -fno-exceptions -g  -ffunction-sections  -fdata-sections -mmcu=atmega328p -DF_CPU=16000000UL -MMD -MP -MF"arduino/Stream.d" -MT"arduino/Stream.d"  -c -o "arduino/Stream.o" "D:/Arduino/hardware/arduino/cores/arduino/Stream.cpp"
D:/Arduino/hardware/arduino/cores/arduino/Stream.cpp: In member function 'bool Stream::find(char*)':
D:/Arduino/hardware/arduino/cores/arduino/Stream.cpp:78: warning: deprecated conversion from string constant to 'char*'
Finished building: D:/Arduino/hardware/arduino/cores/arduino/Stream.cpp
 
Building file: D:/Arduino/hardware/arduino/cores/arduino/Tone.cpp
Invoking: AVR C++ Compiler
avr-g++ -I"D:\Arduino\hardware\arduino\cores\arduino" -I"D:\Arduino\hardware\arduino\variants\standard" -DUSB_PID= -DUSB_VID= -DARDUINO=106 -Wall -Os -fno-exceptions -g  -ffunction-sections  -fdata-sections -mmcu=atmega328p -DF_CPU=16000000UL -MMD -MP -MF"arduino/Tone.d" -MT"arduino/Tone.d"  -c -o "arduino/Tone.o" "D:/Arduino/hardware/arduino/cores/arduino/Tone.cpp"
D:/Arduino/hardware/arduino/cores/arduino/Tone.cpp:119: warning: only initialized variables can be placed into program memory area
Finished building: D:/Arduino/hardware/arduino/cores/arduino/Tone.cpp
 
Building file: D:/Arduino/hardware/arduino/cores/arduino/USBCore.cpp
Invoking: AVR C++ Compiler
avr-g++ -I"D:\Arduino\hardware\arduino\cores\arduino" -I"D:\Arduino\hardware\arduino\variants\standard" -DUSB_PID= -DUSB_VID= -DARDUINO=106 -Wall -Os -fno-exceptions -g  -ffunction-sections  -fdata-sections -mmcu=atmega328p -DF_CPU=16000000UL -MMD -MP -MF"arduino/USBCore.d" -MT"arduino/USBCore.d"  -c -o "arduino/USBCore.o" "D:/Arduino/hardware/arduino/cores/arduino/USBCore.cpp"
Finished building: D:/Arduino/hardware/arduino/cores/arduino/USBCore.cpp
 
Building file: D:/Arduino/hardware/arduino/cores/arduino/WInterrupts.c
Invoking: AVR Compiler
avr-gcc -I"D:\Arduino\hardware\arduino\cores\arduino" -I"D:\Arduino\hardware\arduino\variants\standard" -DUSB_VID= -DUSB_PID= -DARDUINO=106 -Wall -Os -fpack-struct -fshort-enums -std=gnu99 -funsigned-char -funsigned-bitfields -g  -ffunction-sections  -fdata-sections -mmcu=atmega328p -DF_CPU=16000000UL -MMD -MP -MF"arduino/WInterrupts.d" -MT"arduino/WInterrupts.d"  -c -o "arduino/WInterrupts.o" "D:/Arduino/hardware/arduino/cores/arduino/WInterrupts.c"
Finished building: D:/Arduino/hardware/arduino/cores/arduino/WInterrupts.c
 
Building file: D:/Arduino/hardware/arduino/cores/arduino/WMath.cpp
Invoking: AVR C++ Compiler
avr-g++ -I"D:\Arduino\hardware\arduino\cores\arduino" -I"D:\Arduino\hardware\arduino\variants\standard" -DUSB_PID= -DUSB_VID= -DARDUINO=106 -Wall -Os -fno-exceptions -g  -ffunction-sections  -fdata-sections -mmcu=atmega328p -DF_CPU=16000000UL -MMD -MP -MF"arduino/WMath.d" -MT"arduino/WMath.d"  -c -o "arduino/WMath.o" "D:/Arduino/hardware/arduino/cores/arduino/WMath.cpp"
Finished building: D:/Arduino/hardware/arduino/cores/arduino/WMath.cpp
 
Building file: D:/Arduino/hardware/arduino/cores/arduino/WString.cpp
Invoking: AVR C++ Compiler
avr-g++ -I"D:\Arduino\hardware\arduino\cores\arduino" -I"D:\Arduino\hardware\arduino\variants\standard" -DUSB_PID= -DUSB_VID= -DARDUINO=106 -Wall -Os -fno-exceptions -g  -ffunction-sections  -fdata-sections -mmcu=atmega328p -DF_CPU=16000000UL -MMD -MP -MF"arduino/WString.d" -MT"arduino/WString.d"  -c -o "arduino/WString.o" "D:/Arduino/hardware/arduino/cores/arduino/WString.cpp"
Finished building: D:/Arduino/hardware/arduino/cores/arduino/WString.cpp
 
Building file: D:/Arduino/hardware/arduino/cores/arduino/main.cpp
Invoking: AVR C++ Compiler
avr-g++ -I"D:\Arduino\hardware\arduino\cores\arduino" -I"D:\Arduino\hardware\arduino\variants\standard" -DUSB_PID= -DUSB_VID= -DARDUINO=106 -Wall -Os -fno-exceptions -g  -ffunction-sections  -fdata-sections -mmcu=atmega328p -DF_CPU=16000000UL -MMD -MP -MF"arduino/main.d" -MT"arduino/main.d"  -c -o "arduino/main.o" "D:/Arduino/hardware/arduino/cores/arduino/main.cpp"
Finished building: D:/Arduino/hardware/arduino/cores/arduino/main.cpp
 
Building file: D:/Arduino/hardware/arduino/cores/arduino/new.cpp
Invoking: AVR C++ Compiler
avr-g++ -I"D:\Arduino\hardware\arduino\cores\arduino" -I"D:\Arduino\hardware\arduino\variants\standard" -DUSB_PID= -DUSB_VID= -DARDUINO=106 -Wall -Os -fno-exceptions -g  -ffunction-sections  -fdata-sections -mmcu=atmega328p -DF_CPU=16000000UL -MMD -MP -MF"arduino/new.d" -MT"arduino/new.d"  -c -o "arduino/new.o" "D:/Arduino/hardware/arduino/cores/arduino/new.cpp"
Finished building: D:/Arduino/hardware/arduino/cores/arduino/new.cpp
 
Building file: D:/Arduino/hardware/arduino/cores/arduino/wiring.c
Invoking: AVR Compiler
avr-gcc -I"D:\Arduino\hardware\arduino\cores\arduino" -I"D:\Arduino\hardware\arduino\variants\standard" -DUSB_VID= -DUSB_PID= -DARDUINO=106 -Wall -Os -fpack-struct -fshort-enums -std=gnu99 -funsigned-char -funsigned-bitfields -g  -ffunction-sections  -fdata-sections -mmcu=atmega328p -DF_CPU=16000000UL -MMD -MP -MF"arduino/wiring.d" -MT"arduino/wiring.d"  -c -o "arduino/wiring.o" "D:/Arduino/hardware/arduino/cores/arduino/wiring.c"
Finished building: D:/Arduino/hardware/arduino/cores/arduino/wiring.c
 
Building file: D:/Arduino/hardware/arduino/cores/arduino/wiring_analog.c
Invoking: AVR Compiler
avr-gcc -I"D:\Arduino\hardware\arduino\cores\arduino" -I"D:\Arduino\hardware\arduino\variants\standard" -DUSB_VID= -DUSB_PID= -DARDUINO=106 -Wall -Os -fpack-struct -fshort-enums -std=gnu99 -funsigned-char -funsigned-bitfields -g  -ffunction-sections  -fdata-sections -mmcu=atmega328p -DF_CPU=16000000UL -MMD -MP -MF"arduino/wiring_analog.d" -MT"arduino/wiring_analog.d"  -c -o "arduino/wiring_analog.o" "D:/Arduino/hardware/arduino/cores/arduino/wiring_analog.c"
Finished building: D:/Arduino/hardware/arduino/cores/arduino/wiring_analog.c
 
Building file: D:/Arduino/hardware/arduino/cores/arduino/wiring_digital.c
Invoking: AVR Compiler
avr-gcc -I"D:\Arduino\hardware\arduino\cores\arduino" -I"D:\Arduino\hardware\arduino\variants\standard" -DUSB_VID= -DUSB_PID= -DARDUINO=106 -Wall -Os -fpack-struct -fshort-enums -std=gnu99 -funsigned-char -funsigned-bitfields -g  -ffunction-sections  -fdata-sections -mmcu=atmega328p -DF_CPU=16000000UL -MMD -MP -MF"arduino/wiring_digital.d" -MT"arduino/wiring_digital.d"  -c -o "arduino/wiring_digital.o" "D:/Arduino/hardware/arduino/cores/arduino/wiring_digital.c"
Finished building: D:/Arduino/hardware/arduino/cores/arduino/wiring_digital.c
 
Building file: D:/Arduino/hardware/arduino/cores/arduino/wiring_pulse.c
Invoking: AVR Compiler
avr-gcc -I"D:\Arduino\hardware\arduino\cores\arduino" -I"D:\Arduino\hardware\arduino\variants\standard" -DUSB_VID= -DUSB_PID= -DARDUINO=106 -Wall -Os -fpack-struct -fshort-enums -std=gnu99 -funsigned-char -funsigned-bitfields -g  -ffunction-sections  -fdata-sections -mmcu=atmega328p -DF_CPU=16000000UL -MMD -MP -MF"arduino/wiring_pulse.d" -MT"arduino/wiring_pulse.d"  -c -o "arduino/wiring_pulse.o" "D:/Arduino/hardware/arduino/cores/arduino/wiring_pulse.c"
Finished building: D:/Arduino/hardware/arduino/cores/arduino/wiring_pulse.c
 
Building file: D:/Arduino/hardware/arduino/cores/arduino/wiring_shift.c
Invoking: AVR Compiler
avr-gcc -I"D:\Arduino\hardware\arduino\cores\arduino" -I"D:\Arduino\hardware\arduino\variants\standard" -DUSB_VID= -DUSB_PID= -DARDUINO=106 -Wall -Os -fpack-struct -fshort-enums -std=gnu99 -funsigned-char -funsigned-bitfields -g  -ffunction-sections  -fdata-sections -mmcu=atmega328p -DF_CPU=16000000UL -MMD -MP -MF"arduino/wiring_shift.d" -MT"arduino/wiring_shift.d"  -c -o "arduino/wiring_shift.o" "D:/Arduino/hardware/arduino/cores/arduino/wiring_shift.c"
Finished building: D:/Arduino/hardware/arduino/cores/arduino/wiring_shift.c
 
Building target: libArduino_Uno.a
Invoking: AVR Archiver
avr-ar -r  "libArduino_Uno.a"  ./arduino/avr-libc/malloc.o ./arduino/avr-libc/realloc.o  ./arduino/CDC.o ./arduino/HID.o ./arduino/HardwareSerial.o ./arduino/IPAddress.o ./arduino/Print.o ./arduino/Stream.o ./arduino/Tone.o ./arduino/USBCore.o ./arduino/WInterrupts.o ./arduino/WMath.o ./arduino/WString.o ./arduino/main.o ./arduino/new.o ./arduino/wiring.o ./arduino/wiring_analog.o ./arduino/wiring_digital.o ./arduino/wiring_pulse.o ./arduino/wiring_shift.o  
d:\Arduino\hardware\tools\avr\bin\avr-ar.exe: creating libArduino_Uno.a
Finished building target: libArduino_Uno.a
 
Invoking: AVR Create Extended Listing
avr-objdump -h -S libArduino_Uno.a  >"libArduino_Uno.lss"
Finished building: libArduino_Uno.lss
 
Invoking: Print Size
avr-size --format=avr --mcu=atmega328p libArduino_Uno.a
AVR Memory Usage
----------------
Device: atmega328p

Program:       0 bytes (0.0% Full)
(.text + .data + .bootloader)

Data:          0 bytes (0.0% Full)
(.data + .bss + .noinit)


AVR Memory Usage
----------------
Device: atmega328p

Program:       0 bytes (0.0% Full)
(.text + .data + .bootloader)

Data:          0 bytes (0.0% Full)
(.data + .bss + .noinit)


AVR Memory Usage
----------------
Device: atmega328p

Program:       0 bytes (0.0% Full)
(.text + .data + .bootloader)

Data:          0 bytes (0.0% Full)
(.data + .bss + .noinit)


AVR Memory Usage
----------------
Device: atmega328p

Program:       0 bytes (0.0% Full)
(.text + .data + .bootloader)

Data:          0 bytes (0.0% Full)
(.data + .bss + .noinit)


AVR Memory Usage
----------------
Device: atmega328p

Program:       0 bytes (0.0% Full)
(.text + .data + .bootloader)

Data:          0 bytes (0.0% Full)
(.data + .bss + .noinit)


AVR Memory Usage
----------------
Device: atmega328p

Program:       0 bytes (0.0% Full)
(.text + .data + .bootloader)

Data:          0 bytes (0.0% Full)
(.data + .bss + .noinit)


AVR Memory Usage
----------------
Device: atmega328p

Program:      14 bytes (0.0% Full)
(.text + .data + .bootloader)

Data:         14 bytes (0.7% Full)
(.data + .bss + .noinit)


AVR Memory Usage
----------------
Device: atmega328p

Program:       1 bytes (0.0% Full)
(.text + .data + .bootloader)

Data:          1 bytes (0.0% Full)
(.data + .bss + .noinit)


AVR Memory Usage
----------------
Device: atmega328p

Program:       0 bytes (0.0% Full)
(.text + .data + .bootloader)

Data:          0 bytes (0.0% Full)
(.data + .bss + .noinit)


AVR Memory Usage
----------------
Device: atmega328p

Program:       0 bytes (0.0% Full)
(.text + .data + .bootloader)

Data:          0 bytes (0.0% Full)
(.data + .bss + .noinit)


AVR Memory Usage
----------------
Device: atmega328p

Program:       0 bytes (0.0% Full)
(.text + .data + .bootloader)

Data:          0 bytes (0.0% Full)
(.data + .bss + .noinit)


AVR Memory Usage
----------------
Device: atmega328p

Program:       0 bytes (0.0% Full)
(.text + .data + .bootloader)

Data:          0 bytes (0.0% Full)
(.data + .bss + .noinit)


AVR Memory Usage
----------------
Device: atmega328p

Program:       1 bytes (0.0% Full)
(.text + .data + .bootloader)

Data:          1 bytes (0.0% Full)
(.data + .bss + .noinit)


AVR Memory Usage
----------------
Device: atmega328p

Program:       0 bytes (0.0% Full)
(.text + .data + .bootloader)

Data:          0 bytes (0.0% Full)
(.data + .bss + .noinit)


AVR Memory Usage
----------------
Device: atmega328p

Program:       0 bytes (0.0% Full)
(.text + .data + .bootloader)

Data:          0 bytes (0.0% Full)
(.data + .bss + .noinit)


AVR Memory Usage
----------------
Device: atmega328p

Program:       0 bytes (0.0% Full)
(.text + .data + .bootloader)

Data:          0 bytes (0.0% Full)
(.data + .bss + .noinit)


AVR Memory Usage
----------------
Device: atmega328p

Program:       0 bytes (0.0% Full)
(.text + .data + .bootloader)

Data:          0 bytes (0.0% Full)
(.data + .bss + .noinit)


AVR Memory Usage
----------------
Device: atmega328p

Program:       0 bytes (0.0% Full)
(.text + .data + .bootloader)

Data:          0 bytes (0.0% Full)
(.data + .bss + .noinit)


AVR Memory Usage
----------------
Device: atmega328p

Program:       0 bytes (0.0% Full)
(.text + .data + .bootloader)

Data:          0 bytes (0.0% Full)
(.data + .bss + .noinit)


AVR Memory Usage
----------------
Device: atmega328p

Program:       0 bytes (0.0% Full)
(.text + .data + .bootloader)

Data:          0 bytes (0.0% Full)
(.data + .bss + .noinit)


Finished building: sizedummy
 
11:05:41 **** Incremental Build of configuration Release for project ArduinoRobot ****
make all 
Building file: ../ArduinoRobot.cpp
Invoking: AVR C++ Compiler
avr-g++ -I"D:\Arduino\hardware\arduino\cores\arduino" -I"D:\Arduino\hardware\arduino\variants\standard" -I"C:\Users\Ulrik1\workspace\ArduinoRobot" -D__IN_ECLIPSE__=1 -DUSB_VID= -DUSB_PID= -DARDUINO=106 -Wall -Os -ffunction-sections -fdata-sections -fno-exceptions -g -mmcu=atmega328p -DF_CPU=16000000UL -MMD -MP -MF"ArduinoRobot.d" -MT"ArduinoRobot.d"  -c -o "ArduinoRobot.o" -x c++ "../ArduinoRobot.cpp"
../ArduinoRobot.cpp:3:21: warning: NewPing.h: No such file or directory
../ArduinoRobot.cpp:31: error: 'NewPing' does not name a type
../ArduinoRobot.cpp: In function 'void loop()':
../ArduinoRobot.cpp:166: error: 'sonar' was not declared in this scope
../ArduinoRobot.cpp:168: error: 'US_ROUNDTRIP_CM' was not declared in this scope
make: *** [ArduinoRobot.o] Error 1
11:08:10 **** Incremental Build of configuration Release for project Arduino_Uno ****
make all 
Invoking: Print Size
avr-size --format=avr --mcu=atmega328p libArduino_Uno.a
AVR Memory Usage
----------------
Device: atmega328p

Program:       0 bytes (0.0% Full)
(.text + .data + .bootloader)

Data:          0 bytes (0.0% Full)
(.data + .bss + .noinit)


AVR Memory Usage
----------------
Device: atmega328p

Program:       0 bytes (0.0% Full)
(.text + .data + .bootloader)

Data:          0 bytes (0.0% Full)
(.data + .bss + .noinit)


AVR Memory Usage
----------------
Device: atmega328p

Program:       0 bytes (0.0% Full)
(.text + .data + .bootloader)

Data:          0 bytes (0.0% Full)
(.data + .bss + .noinit)


AVR Memory Usage
----------------
Device: atmega328p

Program:       0 bytes (0.0% Full)
(.text + .data + .bootloader)

Data:          0 bytes (0.0% Full)
(.data + .bss + .noinit)


AVR Memory Usage
----------------
Device: atmega328p

Program:       0 bytes (0.0% Full)
(.text + .data + .bootloader)

Data:          0 bytes (0.0% Full)
(.data + .bss + .noinit)


AVR Memory Usage
----------------
Device: atmega328p

Program:       0 bytes (0.0% Full)
(.text + .data + .bootloader)

Data:          0 bytes (0.0% Full)
(.data + .bss + .noinit)


AVR Memory Usage
----------------
Device: atmega328p

Program:      14 bytes (0.0% Full)
(.text + .data + .bootloader)

Data:         14 bytes (0.7% Full)
(.data + .bss + .noinit)


AVR Memory Usage
----------------
Device: atmega328p

Program:       1 bytes (0.0% Full)
(.text + .data + .bootloader)

Data:          1 bytes (0.0% Full)
(.data + .bss + .noinit)


AVR Memory Usage
----------------
Device: atmega328p

Program:       0 bytes (0.0% Full)
(.text + .data + .bootloader)

Data:          0 bytes (0.0% Full)
(.data + .bss + .noinit)


AVR Memory Usage
----------------
Device: atmega328p

Program:       0 bytes (0.0% Full)
(.text + .data + .bootloader)

Data:          0 bytes (0.0% Full)
(.data + .bss + .noinit)


AVR Memory Usage
----------------
Device: atmega328p

Program:       0 bytes (0.0% Full)
(.text + .data + .bootloader)

Data:          0 bytes (0.0% Full)
(.data + .bss + .noinit)


AVR Memory Usage
----------------
Device: atmega328p

Program:       0 bytes (0.0% Full)
(.text + .data + .bootloader)

Data:          0 bytes (0.0% Full)
(.data + .bss + .noinit)


AVR Memory Usage
----------------
Device: atmega328p

Program:       1 bytes (0.0% Full)
(.text + .data + .bootloader)

Data:          1 bytes (0.0% Full)
(.data + .bss + .noinit)


AVR Memory Usage
----------------
Device: atmega328p

Program:       0 bytes (0.0% Full)
(.text + .data + .bootloader)

Data:          0 bytes (0.0% Full)
(.data + .bss + .noinit)


AVR Memory Usage
----------------
Device: atmega328p

Program:       0 bytes (0.0% Full)
(.text + .data + .bootloader)

Data:          0 bytes (0.0% Full)
(.data + .bss + .noinit)


AVR Memory Usage
----------------
Device: atmega328p

Program:       0 bytes (0.0% Full)
(.text + .data + .bootloader)

Data:          0 bytes (0.0% Full)
(.data + .bss + .noinit)


AVR Memory Usage
----------------
Device: atmega328p

Program:       0 bytes (0.0% Full)
(.text + .data + .bootloader)

Data:          0 bytes (0.0% Full)
(.data + .bss + .noinit)


AVR Memory Usage
----------------
Device: atmega328p

Program:       0 bytes (0.0% Full)
(.text + .data + .bootloader)

Data:          0 bytes (0.0% Full)
(.data + .bss + .noinit)


AVR Memory Usage
----------------
Device: atmega328p

Program:       0 bytes (0.0% Full)
(.text + .data + .bootloader)

Data:          0 bytes (0.0% Full)
(.data + .bss + .noinit)


AVR Memory Usage
----------------
Device: atmega328p

Program:       0 bytes (0.0% Full)
(.text + .data + .bootloader)

Data:          0 bytes (0.0% Full)
(.data + .bss + .noinit)


Finished building: sizedummy
 
11:08:10 **** Incremental Build of configuration Release for project ArduinoRobot ****
make all 
Building file: ../ArduinoRobot.cpp
Invoking: AVR C++ Compiler
avr-g++ -I"D:\Arduino\hardware\arduino\cores\arduino" -I"D:\Arduino\hardware\arduino\variants\standard" -I"C:\Users\Ulrik1\workspace\ArduinoRobot" -D__IN_ECLIPSE__=1 -DUSB_VID= -DUSB_PID= -DARDUINO=106 -Wall -Os -ffunction-sections -fdata-sections -fno-exceptions -g -mmcu=atmega328p -DF_CPU=16000000UL -MMD -MP -MF"ArduinoRobot.d" -MT"ArduinoRobot.d"  -c -o "ArduinoRobot.o" -x c++ "../ArduinoRobot.cpp"
../ArduinoRobot.cpp:3:21: warning: NewPing.h: No such file or directory
../ArduinoRobot.cpp:31: error: 'NewPing' does not name a type
../ArduinoRobot.cpp: In function 'void loop()':
../ArduinoRobot.cpp:166: error: 'sonar' was not declared in this scope
../ArduinoRobot.cpp:168: error: 'US_ROUNDTRIP_CM' was not declared in this scope
make: *** [ArduinoRobot.o] Error 1
11:20:07 **** Incremental Build of configuration Release for project Arduino_Uno ****
make all 
Invoking: Print Size
avr-size --format=avr --mcu=atmega328p libArduino_Uno.a
AVR Memory Usage
----------------
Device: atmega328p

Program:       0 bytes (0.0% Full)
(.text + .data + .bootloader)

Data:          0 bytes (0.0% Full)
(.data + .bss + .noinit)


AVR Memory Usage
----------------
Device: atmega328p

Program:       0 bytes (0.0% Full)
(.text + .data + .bootloader)

Data:          0 bytes (0.0% Full)
(.data + .bss + .noinit)


AVR Memory Usage
----------------
Device: atmega328p

Program:       0 bytes (0.0% Full)
(.text + .data + .bootloader)

Data:          0 bytes (0.0% Full)
(.data + .bss + .noinit)


AVR Memory Usage
----------------
Device: atmega328p

Program:       0 bytes (0.0% Full)
(.text + .data + .bootloader)

Data:          0 bytes (0.0% Full)
(.data + .bss + .noinit)


AVR Memory Usage
----------------
Device: atmega328p

Program:       0 bytes (0.0% Full)
(.text + .data + .bootloader)

Data:          0 bytes (0.0% Full)
(.data + .bss + .noinit)


AVR Memory Usage
----------------
Device: atmega328p

Program:       0 bytes (0.0% Full)
(.text + .data + .bootloader)

Data:          0 bytes (0.0% Full)
(.data + .bss + .noinit)


AVR Memory Usage
----------------
Device: atmega328p

Program:      14 bytes (0.0% Full)
(.text + .data + .bootloader)

Data:         14 bytes (0.7% Full)
(.data + .bss + .noinit)


AVR Memory Usage
----------------
Device: atmega328p

Program:       1 bytes (0.0% Full)
(.text + .data + .bootloader)

Data:          1 bytes (0.0% Full)
(.data + .bss + .noinit)


AVR Memory Usage
----------------
Device: atmega328p

Program:       0 bytes (0.0% Full)
(.text + .data + .bootloader)

Data:          0 bytes (0.0% Full)
(.data + .bss + .noinit)


AVR Memory Usage
----------------
Device: atmega328p

Program:       0 bytes (0.0% Full)
(.text + .data + .bootloader)

Data:          0 bytes (0.0% Full)
(.data + .bss + .noinit)


AVR Memory Usage
----------------
Device: atmega328p

Program:       0 bytes (0.0% Full)
(.text + .data + .bootloader)

Data:          0 bytes (0.0% Full)
(.data + .bss + .noinit)


AVR Memory Usage
----------------
Device: atmega328p

Program:       0 bytes (0.0% Full)
(.text + .data + .bootloader)

Data:          0 bytes (0.0% Full)
(.data + .bss + .noinit)


AVR Memory Usage
----------------
Device: atmega328p

Program:       1 bytes (0.0% Full)
(.text + .data + .bootloader)

Data:          1 bytes (0.0% Full)
(.data + .bss + .noinit)


AVR Memory Usage
----------------
Device: atmega328p

Program:       0 bytes (0.0% Full)
(.text + .data + .bootloader)

Data:          0 bytes (0.0% Full)
(.data + .bss + .noinit)


AVR Memory Usage
----------------
Device: atmega328p

Program:       0 bytes (0.0% Full)
(.text + .data + .bootloader)

Data:          0 bytes (0.0% Full)
(.data + .bss + .noinit)


AVR Memory Usage
----------------
Device: atmega328p

Program:       0 bytes (0.0% Full)
(.text + .data + .bootloader)

Data:          0 bytes (0.0% Full)
(.data + .bss + .noinit)


AVR Memory Usage
----------------
Device: atmega328p

Program:       0 bytes (0.0% Full)
(.text + .data + .bootloader)

Data:          0 bytes (0.0% Full)
(.data + .bss + .noinit)


AVR Memory Usage
----------------
Device: atmega328p

Program:       0 bytes (0.0% Full)
(.text + .data + .bootloader)

Data:          0 bytes (0.0% Full)
(.data + .bss + .noinit)


AVR Memory Usage
----------------
Device: atmega328p

Program:       0 bytes (0.0% Full)
(.text + .data + .bootloader)

Data:          0 bytes (0.0% Full)
(.data + .bss + .noinit)


AVR Memory Usage
----------------
Device: atmega328p

Program:       0 bytes (0.0% Full)
(.text + .data + .bootloader)

Data:          0 bytes (0.0% Full)
(.data + .bss + .noinit)


Finished building: sizedummy
 
11:20:08 **** Incremental Build of configuration Release for project ArduinoRobot ****
make all 
Building file: ../ArduinoRobot.cpp
Invoking: AVR C++ Compiler
avr-g++ -I"D:\Arduino\hardware\arduino\cores\arduino" -I"D:\Arduino\hardware\arduino\variants\standard" -I"C:\Users\Ulrik1\workspace\ArduinoRobot" -D__IN_ECLIPSE__=1 -DUSB_VID= -DUSB_PID= -DARDUINO=106 -Wall -Os -ffunction-sections -fdata-sections -fno-exceptions -g -mmcu=atmega328p -DF_CPU=16000000UL -MMD -MP -MF"ArduinoRobot.d" -MT"ArduinoRobot.d"  -c -o "ArduinoRobot.o" -x c++ "../ArduinoRobot.cpp"
../ArduinoRobot.cpp:3:21: warning: NewPing.h: No such file or directory
../ArduinoRobot.cpp:31: error: 'NewPing' does not name a type
../ArduinoRobot.cpp: In function 'void loop()':
../ArduinoRobot.cpp:166: error: 'sonar' was not declared in this scope
../ArduinoRobot.cpp:168: error: 'US_ROUNDTRIP_CM' was not declared in this scope
make: *** [ArduinoRobot.o] Error 1
11:24:31 **** Incremental Build of configuration Release for project Arduino_Uno ****
make all 
Invoking: Print Size
avr-size --format=avr --mcu=atmega328p libArduino_Uno.a
AVR Memory Usage
----------------
Device: atmega328p

Program:       0 bytes (0.0% Full)
(.text + .data + .bootloader)

Data:          0 bytes (0.0% Full)
(.data + .bss + .noinit)


AVR Memory Usage
----------------
Device: atmega328p

Program:       0 bytes (0.0% Full)
(.text + .data + .bootloader)

Data:          0 bytes (0.0% Full)
(.data + .bss + .noinit)


AVR Memory Usage
----------------
Device: atmega328p

Program:       0 bytes (0.0% Full)
(.text + .data + .bootloader)

Data:          0 bytes (0.0% Full)
(.data + .bss + .noinit)


AVR Memory Usage
----------------
Device: atmega328p

Program:       0 bytes (0.0% Full)
(.text + .data + .bootloader)

Data:          0 bytes (0.0% Full)
(.data + .bss + .noinit)


AVR Memory Usage
----------------
Device: atmega328p

Program:       0 bytes (0.0% Full)
(.text + .data + .bootloader)

Data:          0 bytes (0.0% Full)
(.data + .bss + .noinit)


AVR Memory Usage
----------------
Device: atmega328p

Program:       0 bytes (0.0% Full)
(.text + .data + .bootloader)

Data:          0 bytes (0.0% Full)
(.data + .bss + .noinit)


AVR Memory Usage
----------------
Device: atmega328p

Program:      14 bytes (0.0% Full)
(.text + .data + .bootloader)

Data:         14 bytes (0.7% Full)
(.data + .bss + .noinit)


AVR Memory Usage
----------------
Device: atmega328p

Program:       1 bytes (0.0% Full)
(.text + .data + .bootloader)

Data:          1 bytes (0.0% Full)
(.data + .bss + .noinit)


AVR Memory Usage
----------------
Device: atmega328p

Program:       0 bytes (0.0% Full)
(.text + .data + .bootloader)

Data:          0 bytes (0.0% Full)
(.data + .bss + .noinit)


AVR Memory Usage
----------------
Device: atmega328p

Program:       0 bytes (0.0% Full)
(.text + .data + .bootloader)

Data:          0 bytes (0.0% Full)
(.data + .bss + .noinit)


AVR Memory Usage
----------------
Device: atmega328p

Program:       0 bytes (0.0% Full)
(.text + .data + .bootloader)

Data:          0 bytes (0.0% Full)
(.data + .bss + .noinit)


AVR Memory Usage
----------------
Device: atmega328p

Program:       0 bytes (0.0% Full)
(.text + .data + .bootloader)

Data:          0 bytes (0.0% Full)
(.data + .bss + .noinit)


AVR Memory Usage
----------------
Device: atmega328p

Program:       1 bytes (0.0% Full)
(.text + .data + .bootloader)

Data:          1 bytes (0.0% Full)
(.data + .bss + .noinit)


AVR Memory Usage
----------------
Device: atmega328p

Program:       0 bytes (0.0% Full)
(.text + .data + .bootloader)

Data:          0 bytes (0.0% Full)
(.data + .bss + .noinit)


AVR Memory Usage
----------------
Device: atmega328p

Program:       0 bytes (0.0% Full)
(.text + .data + .bootloader)

Data:          0 bytes (0.0% Full)
(.data + .bss + .noinit)


AVR Memory Usage
----------------
Device: atmega328p

Program:       0 bytes (0.0% Full)
(.text + .data + .bootloader)

Data:          0 bytes (0.0% Full)
(.data + .bss + .noinit)


AVR Memory Usage
----------------
Device: atmega328p

Program:       0 bytes (0.0% Full)
(.text + .data + .bootloader)

Data:          0 bytes (0.0% Full)
(.data + .bss + .noinit)


AVR Memory Usage
----------------
Device: atmega328p

Program:       0 bytes (0.0% Full)
(.text + .data + .bootloader)

Data:          0 bytes (0.0% Full)
(.data + .bss + .noinit)


AVR Memory Usage
----------------
Device: atmega328p

Program:       0 bytes (0.0% Full)
(.text + .data + .bootloader)

Data:          0 bytes (0.0% Full)
(.data + .bss + .noinit)


AVR Memory Usage
----------------
Device: atmega328p

Program:       0 bytes (0.0% Full)
(.text + .data + .bootloader)

Data:          0 bytes (0.0% Full)
(.data + .bss + .noinit)


Finished building: sizedummy
 
11:24:32 **** Incremental Build of configuration Release for project ArduinoRobot ****
make all 
Building file: ../ArduinoRobot.cpp
Invoking: AVR C++ Compiler
avr-g++ -I"D:\Arduino\hardware\arduino\cores\arduino" -I"D:\Arduino\hardware\arduino\variants\standard" -I"C:\Users\Ulrik1\workspace\ArduinoRobot" -D__IN_ECLIPSE__=1 -DUSB_VID= -DUSB_PID= -DARDUINO=106 -Wall -Os -ffunction-sections -fdata-sections -fno-exceptions -g -mmcu=atmega328p -DF_CPU=16000000UL -MMD -MP -MF"ArduinoRobot.d" -MT"ArduinoRobot.d"  -c -o "ArduinoRobot.o" -x c++ "../ArduinoRobot.cpp"
../ArduinoRobot.cpp:3:21: warning: NewPing.h: No such file or directory
../ArduinoRobot.cpp:31: error: 'NewPing' does not name a type
../ArduinoRobot.cpp: In function 'void loop()':
../ArduinoRobot.cpp:166: error: 'sonar' was not declared in this scope
../ArduinoRobot.cpp:168: error: 'US_ROUNDTRIP_CM' was not declared in this scope
make: *** [ArduinoRobot.o] Error 1
09:56:48 **** Incremental Build of configuration Release for project Arduino_Uno ****
make all 
Invoking: Print Size
avr-size --format=avr --mcu=atmega328p libArduino_Uno.a
AVR Memory Usage
----------------
Device: atmega328p

Program:       0 bytes (0.0% Full)
(.text + .data + .bootloader)

Data:          0 bytes (0.0% Full)
(.data + .bss + .noinit)


AVR Memory Usage
----------------
Device: atmega328p

Program:       0 bytes (0.0% Full)
(.text + .data + .bootloader)

Data:          0 bytes (0.0% Full)
(.data + .bss + .noinit)


AVR Memory Usage
----------------
Device: atmega328p

Program:       0 bytes (0.0% Full)
(.text + .data + .bootloader)

Data:          0 bytes (0.0% Full)
(.data + .bss + .noinit)


AVR Memory Usage
----------------
Device: atmega328p

Program:       0 bytes (0.0% Full)
(.text + .data + .bootloader)

Data:          0 bytes (0.0% Full)
(.data + .bss + .noinit)


AVR Memory Usage
----------------
Device: atmega328p

Program:       0 bytes (0.0% Full)
(.text + .data + .bootloader)

Data:          0 bytes (0.0% Full)
(.data + .bss + .noinit)


AVR Memory Usage
----------------
Device: atmega328p

Program:       0 bytes (0.0% Full)
(.text + .data + .bootloader)

Data:          0 bytes (0.0% Full)
(.data + .bss + .noinit)


AVR Memory Usage
----------------
Device: atmega328p

Program:      14 bytes (0.0% Full)
(.text + .data + .bootloader)

Data:         14 bytes (0.7% Full)
(.data + .bss + .noinit)


AVR Memory Usage
----------------
Device: atmega328p

Program:       1 bytes (0.0% Full)
(.text + .data + .bootloader)

Data:          1 bytes (0.0% Full)
(.data + .bss + .noinit)


AVR Memory Usage
----------------
Device: atmega328p

Program:       0 bytes (0.0% Full)
(.text + .data + .bootloader)

Data:          0 bytes (0.0% Full)
(.data + .bss + .noinit)


AVR Memory Usage
----------------
Device: atmega328p

Program:       0 bytes (0.0% Full)
(.text + .data + .bootloader)

Data:          0 bytes (0.0% Full)
(.data + .bss + .noinit)


AVR Memory Usage
----------------
Device: atmega328p

Program:       0 bytes (0.0% Full)
(.text + .data + .bootloader)

Data:          0 bytes (0.0% Full)
(.data + .bss + .noinit)


AVR Memory Usage
----------------
Device: atmega328p

Program:       0 bytes (0.0% Full)
(.text + .data + .bootloader)

Data:          0 bytes (0.0% Full)
(.data + .bss + .noinit)


AVR Memory Usage
----------------
Device: atmega328p

Program:       1 bytes (0.0% Full)
(.text + .data + .bootloader)

Data:          1 bytes (0.0% Full)
(.data + .bss + .noinit)


AVR Memory Usage
----------------
Device: atmega328p

Program:       0 bytes (0.0% Full)
(.text + .data + .bootloader)

Data:          0 bytes (0.0% Full)
(.data + .bss + .noinit)


AVR Memory Usage
----------------
Device: atmega328p

Program:       0 bytes (0.0% Full)
(.text + .data + .bootloader)

Data:          0 bytes (0.0% Full)
(.data + .bss + .noinit)


AVR Memory Usage
----------------
Device: atmega328p

Program:       0 bytes (0.0% Full)
(.text + .data + .bootloader)

Data:          0 bytes (0.0% Full)
(.data + .bss + .noinit)


AVR Memory Usage
----------------
Device: atmega328p

Program:       0 bytes (0.0% Full)
(.text + .data + .bootloader)

Data:          0 bytes (0.0% Full)
(.data + .bss + .noinit)


AVR Memory Usage
----------------
Device: atmega328p

Program:       0 bytes (0.0% Full)
(.text + .data + .bootloader)

Data:          0 bytes (0.0% Full)
(.data + .bss + .noinit)


AVR Memory Usage
----------------
Device: atmega328p

Program:       0 bytes (0.0% Full)
(.text + .data + .bootloader)

Data:          0 bytes (0.0% Full)
(.data + .bss + .noinit)


AVR Memory Usage
----------------
Device: atmega328p

Program:       0 bytes (0.0% Full)
(.text + .data + .bootloader)

Data:          0 bytes (0.0% Full)
(.data + .bss + .noinit)


Finished building: sizedummy
 
09:56:50 **** Incremental Build of configuration Release for project ArduinoRobot ****
make all 
Building file: ../ArduinoRobot.cpp
Invoking: AVR C++ Compiler
avr-g++ -I"D:\Arduino\hardware\arduino\cores\arduino" -I"D:\Arduino\hardware\arduino\variants\standard" -I"C:\Users\Ulrik1\workspace\ArduinoRobot" -D__IN_ECLIPSE__=1 -DUSB_VID= -DUSB_PID= -DARDUINO=106 -Wall -Os -ffunction-sections -fdata-sections -fno-exceptions -g -mmcu=atmega328p -DF_CPU=16000000UL -MMD -MP -MF"ArduinoRobot.d" -MT"ArduinoRobot.d"  -c -o "ArduinoRobot.o" -x c++ "../ArduinoRobot.cpp"
../ArduinoRobot.cpp:3:21: warning: NewPing.h: No such file or directory
../ArduinoRobot.cpp:30: error: 'NewPing' does not name a type
../ArduinoRobot.cpp: In function 'void loop()':
../ArduinoRobot.cpp:165: error: 'sonar' was not declared in this scope
../ArduinoRobot.cpp:167: error: 'US_ROUNDTRIP_CM' was not declared in this scope
make: *** [ArduinoRobot.o] Error 1
10:05:38 **** Incremental Build of configuration Release for project Arduino_Uno ****
make all 
Invoking: Print Size
avr-size --format=avr --mcu=atmega328p libArduino_Uno.a
AVR Memory Usage
----------------
Device: atmega328p

Program:       0 bytes (0.0% Full)
(.text + .data + .bootloader)

Data:          0 bytes (0.0% Full)
(.data + .bss + .noinit)


AVR Memory Usage
----------------
Device: atmega328p

Program:       0 bytes (0.0% Full)
(.text + .data + .bootloader)

Data:          0 bytes (0.0% Full)
(.data + .bss + .noinit)


AVR Memory Usage
----------------
Device: atmega328p

Program:       0 bytes (0.0% Full)
(.text + .data + .bootloader)

Data:          0 bytes (0.0% Full)
(.data + .bss + .noinit)


AVR Memory Usage
----------------
Device: atmega328p

Program:       0 bytes (0.0% Full)
(.text + .data + .bootloader)

Data:          0 bytes (0.0% Full)
(.data + .bss + .noinit)


AVR Memory Usage
----------------
Device: atmega328p

Program:       0 bytes (0.0% Full)
(.text + .data + .bootloader)

Data:          0 bytes (0.0% Full)
(.data + .bss + .noinit)


AVR Memory Usage
----------------
Device: atmega328p

Program:       0 bytes (0.0% Full)
(.text + .data + .bootloader)

Data:          0 bytes (0.0% Full)
(.data + .bss + .noinit)


AVR Memory Usage
----------------
Device: atmega328p

Program:      14 bytes (0.0% Full)
(.text + .data + .bootloader)

Data:         14 bytes (0.7% Full)
(.data + .bss + .noinit)


AVR Memory Usage
----------------
Device: atmega328p

Program:       1 bytes (0.0% Full)
(.text + .data + .bootloader)

Data:          1 bytes (0.0% Full)
(.data + .bss + .noinit)


AVR Memory Usage
----------------
Device: atmega328p

Program:       0 bytes (0.0% Full)
(.text + .data + .bootloader)

Data:          0 bytes (0.0% Full)
(.data + .bss + .noinit)


AVR Memory Usage
----------------
Device: atmega328p

Program:       0 bytes (0.0% Full)
(.text + .data + .bootloader)

Data:          0 bytes (0.0% Full)
(.data + .bss + .noinit)


AVR Memory Usage
----------------
Device: atmega328p

Program:       0 bytes (0.0% Full)
(.text + .data + .bootloader)

Data:          0 bytes (0.0% Full)
(.data + .bss + .noinit)


AVR Memory Usage
----------------
Device: atmega328p

Program:       0 bytes (0.0% Full)
(.text + .data + .bootloader)

Data:          0 bytes (0.0% Full)
(.data + .bss + .noinit)


AVR Memory Usage
----------------
Device: atmega328p

Program:       1 bytes (0.0% Full)
(.text + .data + .bootloader)

Data:          1 bytes (0.0% Full)
(.data + .bss + .noinit)


AVR Memory Usage
----------------
Device: atmega328p

Program:       0 bytes (0.0% Full)
(.text + .data + .bootloader)

Data:          0 bytes (0.0% Full)
(.data + .bss + .noinit)


AVR Memory Usage
----------------
Device: atmega328p

Program:       0 bytes (0.0% Full)
(.text + .data + .bootloader)

Data:          0 bytes (0.0% Full)
(.data + .bss + .noinit)


AVR Memory Usage
----------------
Device: atmega328p

Program:       0 bytes (0.0% Full)
(.text + .data + .bootloader)

Data:          0 bytes (0.0% Full)
(.data + .bss + .noinit)


AVR Memory Usage
----------------
Device: atmega328p

Program:       0 bytes (0.0% Full)
(.text + .data + .bootloader)

Data:          0 bytes (0.0% Full)
(.data + .bss + .noinit)


AVR Memory Usage
----------------
Device: atmega328p

Program:       0 bytes (0.0% Full)
(.text + .data + .bootloader)

Data:          0 bytes (0.0% Full)
(.data + .bss + .noinit)


AVR Memory Usage
----------------
Device: atmega328p

Program:       0 bytes (0.0% Full)
(.text + .data + .bootloader)

Data:          0 bytes (0.0% Full)
(.data + .bss + .noinit)


AVR Memory Usage
----------------
Device: atmega328p

Program:       0 bytes (0.0% Full)
(.text + .data + .bootloader)

Data:          0 bytes (0.0% Full)
(.data + .bss + .noinit)


Finished building: sizedummy
 
10:05:38 **** Incremental Build of configuration Release for project ArduinoRobot ****
make all 
Building file: ../ArduinoRobot.cpp
Invoking: AVR C++ Compiler
avr-g++ -I"D:\Arduino\hardware\arduino\cores\arduino" -I"D:\Arduino\hardware\arduino\variants\standard" -I"C:\Users\Ulrik1\workspace\ArduinoRobot" -D__IN_ECLIPSE__=1 -DUSB_VID= -DUSB_PID= -DARDUINO=106 -Wall -Os -ffunction-sections -fdata-sections -fno-exceptions -g -mmcu=atmega328p -DF_CPU=16000000UL -MMD -MP -MF"ArduinoRobot.d" -MT"ArduinoRobot.d"  -c -o "ArduinoRobot.o" -x c++ "../ArduinoRobot.cpp"
../ArduinoRobot.cpp:3:21: warning: NewPing.h: No such file or directory
../ArduinoRobot.cpp:30: error: 'NewPing' does not name a type
../ArduinoRobot.cpp: In function 'void loop()':
../ArduinoRobot.cpp:165: error: 'sonar' was not declared in this scope
../ArduinoRobot.cpp:167: error: 'US_ROUNDTRIP_CM' was not declared in this scope
make: *** [ArduinoRobot.o] Error 1
10:06:35 **** Incremental Build of configuration Release for project Arduino_Uno ****
make all 
Invoking: Print Size
avr-size --format=avr --mcu=atmega328p libArduino_Uno.a
AVR Memory Usage
----------------
Device: atmega328p

Program:       0 bytes (0.0% Full)
(.text + .data + .bootloader)

Data:          0 bytes (0.0% Full)
(.data + .bss + .noinit)


AVR Memory Usage
----------------
Device: atmega328p

Program:       0 bytes (0.0% Full)
(.text + .data + .bootloader)

Data:          0 bytes (0.0% Full)
(.data + .bss + .noinit)


AVR Memory Usage
----------------
Device: atmega328p

Program:       0 bytes (0.0% Full)
(.text + .data + .bootloader)

Data:          0 bytes (0.0% Full)
(.data + .bss + .noinit)


AVR Memory Usage
----------------
Device: atmega328p

Program:       0 bytes (0.0% Full)
(.text + .data + .bootloader)

Data:          0 bytes (0.0% Full)
(.data + .bss + .noinit)


AVR Memory Usage
----------------
Device: atmega328p

Program:       0 bytes (0.0% Full)
(.text + .data + .bootloader)

Data:          0 bytes (0.0% Full)
(.data + .bss + .noinit)


AVR Memory Usage
----------------
Device: atmega328p

Program:       0 bytes (0.0% Full)
(.text + .data + .bootloader)

Data:          0 bytes (0.0% Full)
(.data + .bss + .noinit)


AVR Memory Usage
----------------
Device: atmega328p

Program:      14 bytes (0.0% Full)
(.text + .data + .bootloader)

Data:         14 bytes (0.7% Full)
(.data + .bss + .noinit)


AVR Memory Usage
----------------
Device: atmega328p

Program:       1 bytes (0.0% Full)
(.text + .data + .bootloader)

Data:          1 bytes (0.0% Full)
(.data + .bss + .noinit)


AVR Memory Usage
----------------
Device: atmega328p

Program:       0 bytes (0.0% Full)
(.text + .data + .bootloader)

Data:          0 bytes (0.0% Full)
(.data + .bss + .noinit)


AVR Memory Usage
----------------
Device: atmega328p

Program:       0 bytes (0.0% Full)
(.text + .data + .bootloader)

Data:          0 bytes (0.0% Full)
(.data + .bss + .noinit)


AVR Memory Usage
----------------
Device: atmega328p

Program:       0 bytes (0.0% Full)
(.text + .data + .bootloader)

Data:          0 bytes (0.0% Full)
(.data + .bss + .noinit)


AVR Memory Usage
----------------
Device: atmega328p

Program:       0 bytes (0.0% Full)
(.text + .data + .bootloader)

Data:          0 bytes (0.0% Full)
(.data + .bss + .noinit)


AVR Memory Usage
----------------
Device: atmega328p

Program:       1 bytes (0.0% Full)
(.text + .data + .bootloader)

Data:          1 bytes (0.0% Full)
(.data + .bss + .noinit)


AVR Memory Usage
----------------
Device: atmega328p

Program:       0 bytes (0.0% Full)
(.text + .data + .bootloader)

Data:          0 bytes (0.0% Full)
(.data + .bss + .noinit)


AVR Memory Usage
----------------
Device: atmega328p

Program:       0 bytes (0.0% Full)
(.text + .data + .bootloader)

Data:          0 bytes (0.0% Full)
(.data + .bss + .noinit)


AVR Memory Usage
----------------
Device: atmega328p

Program:       0 bytes (0.0% Full)
(.text + .data + .bootloader)

Data:          0 bytes (0.0% Full)
(.data + .bss + .noinit)


AVR Memory Usage
----------------
Device: atmega328p

Program:       0 bytes (0.0% Full)
(.text + .data + .bootloader)

Data:          0 bytes (0.0% Full)
(.data + .bss + .noinit)


AVR Memory Usage
----------------
Device: atmega328p

Program:       0 bytes (0.0% Full)
(.text + .data + .bootloader)

Data:          0 bytes (0.0% Full)
(.data + .bss + .noinit)


AVR Memory Usage
----------------
Device: atmega328p

Program:       0 bytes (0.0% Full)
(.text + .data + .bootloader)

Data:          0 bytes (0.0% Full)
(.data + .bss + .noinit)


AVR Memory Usage
----------------
Device: atmega328p

Program:       0 bytes (0.0% Full)
(.text + .data + .bootloader)

Data:          0 bytes (0.0% Full)
(.data + .bss + .noinit)


Finished building: sizedummy
 
10:06:36 **** Incremental Build of configuration Release for project ArduinoRobot ****
make all 
Building file: ../ArduinoRobot.cpp
Invoking: AVR C++ Compiler
avr-g++ -I"D:\Arduino\hardware\arduino\cores\arduino" -I"D:\Arduino\hardware\arduino\variants\standard" -I"C:\Users\Ulrik1\workspace\ArduinoRobot" -D__IN_ECLIPSE__=1 -DUSB_VID= -DUSB_PID= -DARDUINO=106 -Wall -Os -ffunction-sections -fdata-sections -fno-exceptions -g -mmcu=atmega328p -DF_CPU=16000000UL -MMD -MP -MF"ArduinoRobot.d" -MT"ArduinoRobot.d"  -c -o "ArduinoRobot.o" -x c++ "../ArduinoRobot.cpp"
../ArduinoRobot.cpp:3:21: warning: NewPing.h: No such file or directory
../ArduinoRobot.cpp:30: error: 'NewPing' does not name a type
../ArduinoRobot.cpp: In function 'void loop()':
../ArduinoRobot.cpp:165: error: 'sonar' was not declared in this scope
../ArduinoRobot.cpp:167: error: 'US_ROUNDTRIP_CM' was not declared in this scope
make: *** [ArduinoRobot.o] Error 1
10:16:59 **** Incremental Build of configuration Release for project Arduino_Uno ****
make all 
Invoking: Print Size
avr-size --format=avr --mcu=atmega328p libArduino_Uno.a
AVR Memory Usage
----------------
Device: atmega328p

Program:       0 bytes (0.0% Full)
(.text + .data + .bootloader)

Data:          0 bytes (0.0% Full)
(.data + .bss + .noinit)


AVR Memory Usage
----------------
Device: atmega328p

Program:       0 bytes (0.0% Full)
(.text + .data + .bootloader)

Data:          0 bytes (0.0% Full)
(.data + .bss + .noinit)


AVR Memory Usage
----------------
Device: atmega328p

Program:       0 bytes (0.0% Full)
(.text + .data + .bootloader)

Data:          0 bytes (0.0% Full)
(.data + .bss + .noinit)


AVR Memory Usage
----------------
Device: atmega328p

Program:       0 bytes (0.0% Full)
(.text + .data + .bootloader)

Data:          0 bytes (0.0% Full)
(.data + .bss + .noinit)


AVR Memory Usage
----------------
Device: atmega328p

Program:       0 bytes (0.0% Full)
(.text + .data + .bootloader)

Data:          0 bytes (0.0% Full)
(.data + .bss + .noinit)


AVR Memory Usage
----------------
Device: atmega328p

Program:       0 bytes (0.0% Full)
(.text + .data + .bootloader)

Data:          0 bytes (0.0% Full)
(.data + .bss + .noinit)


AVR Memory Usage
----------------
Device: atmega328p

Program:      14 bytes (0.0% Full)
(.text + .data + .bootloader)

Data:         14 bytes (0.7% Full)
(.data + .bss + .noinit)


AVR Memory Usage
----------------
Device: atmega328p

Program:       1 bytes (0.0% Full)
(.text + .data + .bootloader)

Data:          1 bytes (0.0% Full)
(.data + .bss + .noinit)


AVR Memory Usage
----------------
Device: atmega328p

Program:       0 bytes (0.0% Full)
(.text + .data + .bootloader)

Data:          0 bytes (0.0% Full)
(.data + .bss + .noinit)


AVR Memory Usage
----------------
Device: atmega328p

Program:       0 bytes (0.0% Full)
(.text + .data + .bootloader)

Data:          0 bytes (0.0% Full)
(.data + .bss + .noinit)


AVR Memory Usage
----------------
Device: atmega328p

Program:       0 bytes (0.0% Full)
(.text + .data + .bootloader)

Data:          0 bytes (0.0% Full)
(.data + .bss + .noinit)


AVR Memory Usage
----------------
Device: atmega328p

Program:       0 bytes (0.0% Full)
(.text + .data + .bootloader)

Data:          0 bytes (0.0% Full)
(.data + .bss + .noinit)


AVR Memory Usage
----------------
Device: atmega328p

Program:       1 bytes (0.0% Full)
(.text + .data + .bootloader)

Data:          1 bytes (0.0% Full)
(.data + .bss + .noinit)


AVR Memory Usage
----------------
Device: atmega328p

Program:       0 bytes (0.0% Full)
(.text + .data + .bootloader)

Data:          0 bytes (0.0% Full)
(.data + .bss + .noinit)


AVR Memory Usage
----------------
Device: atmega328p

Program:       0 bytes (0.0% Full)
(.text + .data + .bootloader)

Data:          0 bytes (0.0% Full)
(.data + .bss + .noinit)


AVR Memory Usage
----------------
Device: atmega328p

Program:       0 bytes (0.0% Full)
(.text + .data + .bootloader)

Data:          0 bytes (0.0% Full)
(.data + .bss + .noinit)


AVR Memory Usage
----------------
Device: atmega328p

Program:       0 bytes (0.0% Full)
(.text + .data + .bootloader)

Data:          0 bytes (0.0% Full)
(.data + .bss + .noinit)


AVR Memory Usage
----------------
Device: atmega328p

Program:       0 bytes (0.0% Full)
(.text + .data + .bootloader)

Data:          0 bytes (0.0% Full)
(.data + .bss + .noinit)


AVR Memory Usage
----------------
Device: atmega328p

Program:       0 bytes (0.0% Full)
(.text + .data + .bootloader)

Data:          0 bytes (0.0% Full)
(.data + .bss + .noinit)


AVR Memory Usage
----------------
Device: atmega328p

Program:       0 bytes (0.0% Full)
(.text + .data + .bootloader)

Data:          0 bytes (0.0% Full)
(.data + .bss + .noinit)


Finished building: sizedummy
 
10:16:59 **** Clean-only build of configuration Release for project ArduinoRobot ****
make clean 
rm -rf  ArduinoRobot.lss  ArduinoRobot.hex  ./ArduinoRobot.o  ArduinoRobot.eep  sizedummy  ./ArduinoRobot.d  ArduinoRobot.elf
 
10:16:59 **** Incremental Build of configuration Release for project ArduinoRobot ****
make all 
Building file: D:/Arduino/libraries/NewPing/NewPing.cpp
Invoking: AVR C++ Compiler
avr-g++ -I"D:\Arduino\hardware\arduino\cores\arduino" -I"D:\Arduino\hardware\arduino\variants\standard" -I"C:\Users\Ulrik1\workspace\ArduinoRobot" -I"D:\Arduino\libraries\NewPing" -D__IN_ECLIPSE__=1 -DUSB_VID= -DUSB_PID= -DARDUINO=106 -Wall -Os -ffunction-sections -fdata-sections -fno-exceptions -g -mmcu=atmega328p -DF_CPU=16000000UL -MMD -MP -MF"NewPing/NewPing.d" -MT"NewPing/NewPing.d"  -c -o "NewPing/NewPing.o" -x c++ "D:/Arduino/libraries/NewPing/NewPing.cpp"
Finished building: D:/Arduino/libraries/NewPing/NewPing.cpp
 
Building file: ../ArduinoRobot.cpp
Invoking: AVR C++ Compiler
avr-g++ -I"D:\Arduino\hardware\arduino\cores\arduino" -I"D:\Arduino\hardware\arduino\variants\standard" -I"C:\Users\Ulrik1\workspace\ArduinoRobot" -I"D:\Arduino\libraries\NewPing" -D__IN_ECLIPSE__=1 -DUSB_VID= -DUSB_PID= -DARDUINO=106 -Wall -Os -ffunction-sections -fdata-sections -fno-exceptions -g -mmcu=atmega328p -DF_CPU=16000000UL -MMD -MP -MF"ArduinoRobot.d" -MT"ArduinoRobot.d"  -c -o "ArduinoRobot.o" -x c++ "../ArduinoRobot.cpp"
Finished building: ../ArduinoRobot.cpp
 
Building target: ArduinoRobot.elf
Invoking: AVR C++ Linker
avr-gcc -Os -Wl,--gc-sections  -L"C:\Users\Ulrik1\workspace\Arduino_Uno/Release" -mmcu=atmega328p  -o"ArduinoRobot.elf"  ./NewPing/NewPing.o  ./ArduinoRobot.o   -l"Arduino_Uno" -lm
Finished building target: ArduinoRobot.elf
 
Invoking: AVR Create Extended Listing
avr-objdump -h -S ArduinoRobot.elf  >"ArduinoRobot.lss"
Finished building: ArduinoRobot.lss
 
Create Flash image (ihex format)
avr-objcopy -R .eeprom -O ihex ArduinoRobot.elf  "ArduinoRobot.hex"
Finished building: ArduinoRobot.hex
 
Create eeprom image (ihex format)
avr-objcopy -j .eeprom --no-change-warnings --change-section-lma .eeprom=0 -O ihex ArduinoRobot.elf  "ArduinoRobot.eep"
Finished building: ArduinoRobot.eep
 
Invoking: Print Size
avr-size --format=avr --mcu=atmega328p ArduinoRobot.elf
AVR Memory Usage
----------------
Device: atmega328p

Program:    4754 bytes (14.5% Full)
(.text + .data + .bootloader)

Data:        388 bytes (18.9% Full)
(.data + .bss + .noinit)


Finished building: sizedummy
 
09:15:38 **** Incremental Build of configuration Release for project Arduino_Uno ****
make all 
Invoking: Print Size
avr-size --format=avr --mcu=atmega328p libArduino_Uno.a
AVR Memory Usage
----------------
Device: atmega328p

Program:       0 bytes (0.0% Full)
(.text + .data + .bootloader)

Data:          0 bytes (0.0% Full)
(.data + .bss + .noinit)


AVR Memory Usage
----------------
Device: atmega328p

Program:       0 bytes (0.0% Full)
(.text + .data + .bootloader)

Data:          0 bytes (0.0% Full)
(.data + .bss + .noinit)


AVR Memory Usage
----------------
Device: atmega328p

Program:       0 bytes (0.0% Full)
(.text + .data + .bootloader)

Data:          0 bytes (0.0% Full)
(.data + .bss + .noinit)


AVR Memory Usage
----------------
Device: atmega328p

Program:       0 bytes (0.0% Full)
(.text + .data + .bootloader)

Data:          0 bytes (0.0% Full)
(.data + .bss + .noinit)


AVR Memory Usage
----------------
Device: atmega328p

Program:       0 bytes (0.0% Full)
(.text + .data + .bootloader)

Data:          0 bytes (0.0% Full)
(.data + .bss + .noinit)


AVR Memory Usage
----------------
Device: atmega328p

Program:       0 bytes (0.0% Full)
(.text + .data + .bootloader)

Data:          0 bytes (0.0% Full)
(.data + .bss + .noinit)


AVR Memory Usage
----------------
Device: atmega328p

Program:      14 bytes (0.0% Full)
(.text + .data + .bootloader)

Data:         14 bytes (0.7% Full)
(.data + .bss + .noinit)


AVR Memory Usage
----------------
Device: atmega328p

Program:       1 bytes (0.0% Full)
(.text + .data + .bootloader)

Data:          1 bytes (0.0% Full)
(.data + .bss + .noinit)


AVR Memory Usage
----------------
Device: atmega328p

Program:       0 bytes (0.0% Full)
(.text + .data + .bootloader)

Data:          0 bytes (0.0% Full)
(.data + .bss + .noinit)


AVR Memory Usage
----------------
Device: atmega328p

Program:       0 bytes (0.0% Full)
(.text + .data + .bootloader)

Data:          0 bytes (0.0% Full)
(.data + .bss + .noinit)


AVR Memory Usage
----------------
Device: atmega328p

Program:       0 bytes (0.0% Full)
(.text + .data + .bootloader)

Data:          0 bytes (0.0% Full)
(.data + .bss + .noinit)


AVR Memory Usage
----------------
Device: atmega328p

Program:       0 bytes (0.0% Full)
(.text + .data + .bootloader)

Data:          0 bytes (0.0% Full)
(.data + .bss + .noinit)


AVR Memory Usage
----------------
Device: atmega328p

Program:       1 bytes (0.0% Full)
(.text + .data + .bootloader)

Data:          1 bytes (0.0% Full)
(.data + .bss + .noinit)


AVR Memory Usage
----------------
Device: atmega328p

Program:       0 bytes (0.0% Full)
(.text + .data + .bootloader)

Data:          0 bytes (0.0% Full)
(.data + .bss + .noinit)


AVR Memory Usage
----------------
Device: atmega328p

Program:       0 bytes (0.0% Full)
(.text + .data + .bootloader)

Data:          0 bytes (0.0% Full)
(.data + .bss + .noinit)


AVR Memory Usage
----------------
Device: atmega328p

Program:       0 bytes (0.0% Full)
(.text + .data + .bootloader)

Data:          0 bytes (0.0% Full)
(.data + .bss + .noinit)


AVR Memory Usage
----------------
Device: atmega328p

Program:       0 bytes (0.0% Full)
(.text + .data + .bootloader)

Data:          0 bytes (0.0% Full)
(.data + .bss + .noinit)


AVR Memory Usage
----------------
Device: atmega328p

Program:       0 bytes (0.0% Full)
(.text + .data + .bootloader)

Data:          0 bytes (0.0% Full)
(.data + .bss + .noinit)


AVR Memory Usage
----------------
Device: atmega328p

Program:       0 bytes (0.0% Full)
(.text + .data + .bootloader)

Data:          0 bytes (0.0% Full)
(.data + .bss + .noinit)


AVR Memory Usage
----------------
Device: atmega328p

Program:       0 bytes (0.0% Full)
(.text + .data + .bootloader)

Data:          0 bytes (0.0% Full)
(.data + .bss + .noinit)


Finished building: sizedummy
 
09:15:40 **** Incremental Build of configuration Release for project ArduinoRobot ****
make all 
Building file: ../ArduinoRobot.cpp
Invoking: AVR C++ Compiler
avr-g++ -I"D:\Arduino\hardware\arduino\cores\arduino" -I"D:\Arduino\hardware\arduino\variants\standard" -I"C:\Users\Ulrik1\workspace\ArduinoRobot" -I"D:\Arduino\libraries\NewPing" -D__IN_ECLIPSE__=1 -DUSB_VID= -DUSB_PID= -DARDUINO=106 -Wall -Os -ffunction-sections -fdata-sections -fno-exceptions -g -mmcu=atmega328p -DF_CPU=16000000UL -MMD -MP -MF"ArduinoRobot.d" -MT"ArduinoRobot.d"  -c -o "ArduinoRobot.o" -x c++ "../ArduinoRobot.cpp"
Finished building: ../ArduinoRobot.cpp
 
Building target: ArduinoRobot.elf
Invoking: AVR C++ Linker
avr-gcc -Os -Wl,--gc-sections  -L"C:\Users\Ulrik1\workspace\Arduino_Uno/Release" -mmcu=atmega328p  -o"ArduinoRobot.elf"  ./NewPing/NewPing.o  ./ArduinoRobot.o   -l"Arduino_Uno" -lm
Finished building target: ArduinoRobot.elf
 
Invoking: AVR Create Extended Listing
avr-objdump -h -S ArduinoRobot.elf  >"ArduinoRobot.lss"
Finished building: ArduinoRobot.lss
 
Create Flash image (ihex format)
avr-objcopy -R .eeprom -O ihex ArduinoRobot.elf  "ArduinoRobot.hex"
Finished building: ArduinoRobot.hex
 
Create eeprom image (ihex format)
avr-objcopy -j .eeprom --no-change-warnings --change-section-lma .eeprom=0 -O ihex ArduinoRobot.elf  "ArduinoRobot.eep"
Finished building: ArduinoRobot.eep
 
Invoking: Print Size
avr-size --format=avr --mcu=atmega328p ArduinoRobot.elf
AVR Memory Usage
----------------
Device: atmega328p

Program:    4756 bytes (14.5% Full)
(.text + .data + .bootloader)

Data:        390 bytes (19.0% Full)
(.data + .bss + .noinit)


Finished building: sizedummy
 
